==============================================================================
Suites                                                                        
==============================================================================
Suites.22 DDT1                                                                
==============================================================================
Right user empty pass                                                 | PASS |
------------------------------------------------------------------------------
Right user wrong pass                                                 | PASS |
------------------------------------------------------------------------------
Wrong user right pass                                                 | PASS |
------------------------------------------------------------------------------
Wrong user empty pass                                                 | PASS |
------------------------------------------------------------------------------
Wrong user wrong pass                                                 | PASS |
------------------------------------------------------------------------------
Suites.22 DDT1                                                        | PASS |
5 tests, 5 passed, 0 failed
==============================================================================
Suites                                                                | PASS |
5 tests, 5 passed, 0 failed
==============================================================================
Output:  C:\information\SDET-QA\Automation\Results\pabot_results\14\output.xml
