==============================================================================
Suites                                                                        
==============================================================================
Suites.19 ForLoopDemo                                                         
==============================================================================
Testing | For Loop 1                                                  1
2
3
4
5
6
7
8
9
| PASS |
------------------------------------------------------------------------------
Testing | For Loop 2 | one line                                       1 2 3 4 5 6 7 8
| PASS |
------------------------------------------------------------------------------
Testing | For Loop 3 | multiple line                                  1
2
3
4
5
6
7
8
| PASS |
------------------------------------------------------------------------------
Testing | For Loop 4 | with list number                               1
2
3
4
5
| PASS |
------------------------------------------------------------------------------
Testing | For Loop 5 | with list string                               john
david
smith
scott
| PASS |
------------------------------------------------------------------------------
Testing | For Loop 6 | with list | with exit                          1
2
3
| PASS |
------------------------------------------------------------------------------
Testing | For Loop 7 | with list | with continue                      1
2
3
5
6
7
8
| PASS |
------------------------------------------------------------------------------
Suites.19 ForLoopDemo                                                 | PASS |
7 tests, 7 passed, 0 failed
==============================================================================
Suites                                                                | PASS |
7 tests, 7 passed, 0 failed
==============================================================================
Output:  C:\information\SDET-QA\Automation\Results\pabot_results\10\output.xml
